---------- Date: 2014-11-04 06:30:46 ~ IP : 127.0.0.1 ----------
REQUEST URI : /zeemall/
MOD DETAILS:
   modFile   : M:\wamp\www\zeemall\vqmod/xml/zeedownloads_core.xml
   id        : ZeeDownloads Digital Multivendor Marketplace Core
   version   : 
   vqmver    : 
   author    : http://zeedownloads.com/

File Name    : catalog/view/theme/zee_responsive/template/common/header.tpl(0)
VQModObject::applyMod - SEARCH NOT FOUND (SKIPPED): <div class="links"><a href="<?php echo $home; ?>"><?php echo $text_home; ?></a><a href="<?php echo $wishlist; ?>" id="wishlist-total"><?php echo $text_wishlist; ?></a><a href="<?php echo $account; ?>"><?php echo $text_account; ?></a><a href="<?php echo $shopping_cart; ?>"><?php echo $text_shopping_cart; ?></a><a href="<?php echo $checkout; ?>"><?php echo $text_checkout; ?></a></div>

----------------------------------------------------------------------


---------- Date: 2014-11-04 06:32:40 ~ IP : 127.0.0.1 ----------
REQUEST URI : /zeemall/
MOD DETAILS:
   modFile   : M:\wamp\www\zeemall\vqmod/xml/zeedownloads_core.xml
   id        : ZeeDownloads Digital Multivendor Marketplace Core
   version   : 
   vqmver    : 
   author    : http://zeedownloads.com/

File Name    : catalog/view/theme/zee_responsive/template/common/header.tpl(0)
VQModObject::applyMod - SEARCH NOT FOUND (SKIPPED): <div class="links"><a href="<?php echo $home; ?>"><?php echo $text_home; ?></a><a href="<?php echo $wishlist; ?>" id="wishlist-total"><?php echo $text_wishlist; ?></a><a href="<?php echo $account; ?>"><?php echo $text_account; ?></a><a href="<?php echo $shopping_cart; ?>"><?php echo $text_shopping_cart; ?></a><a href="<?php echo $checkout; ?>"><?php echo $text_checkout; ?></a></div>

----------------------------------------------------------------------


---------- Date: 2014-11-04 06:37:48 ~ IP : 127.0.0.1 ----------
REQUEST URI : /zeemall/index.php?zeetoken=3070f25a138539408b9d5c0c5c555de4
MOD DETAILS:
   modFile   : M:\wamp\www\zeemall\vqmod/xml/zeedownloads_core.xml
   id        : ZeeDownloads Digital Multivendor Marketplace Core
   version   : 
   vqmver    : 
   author    : http://zeedownloads.com/

File Name    : catalog/view/theme/zee_responsive/template/common/header.tpl(0)
VQModObject::applyMod - SEARCH NOT FOUND (SKIPPED): <div class="links"><a href="<?php echo $home; ?>"><?php echo $text_home; ?></a><a href="<?php echo $wishlist; ?>" id="wishlist-total"><?php echo $text_wishlist; ?></a><a href="<?php echo $account; ?>"><?php echo $text_account; ?></a><a href="<?php echo $shopping_cart; ?>"><?php echo $text_shopping_cart; ?></a><a href="<?php echo $checkout; ?>"><?php echo $text_checkout; ?></a></div>

----------------------------------------------------------------------


---------- Date: 2014-11-04 06:48:03 ~ IP : 127.0.0.1 ----------
REQUEST URI : /zeemall/index.php?route=account/register-seller
MOD DETAILS:
   modFile   : M:\wamp\www\zeemall\vqmod/xml/zeedownloads_core.xml
   id        : ZeeDownloads Digital Multivendor Marketplace Core
   version   : 
   vqmver    : 
   author    : http://zeedownloads.com/

File Name    : catalog/view/theme/zee_responsive/template/common/header.tpl(0)
VQModObject::applyMod - SEARCH NOT FOUND (SKIPPED): <div class="links"><a href="<?php echo $home; ?>"><?php echo $text_home; ?></a><a href="<?php echo $wishlist; ?>" id="wishlist-total"><?php echo $text_wishlist; ?></a><a href="<?php echo $account; ?>"><?php echo $text_account; ?></a><a href="<?php echo $shopping_cart; ?>"><?php echo $text_shopping_cart; ?></a><a href="<?php echo $checkout; ?>"><?php echo $text_checkout; ?></a></div>

----------------------------------------------------------------------


---------- Date: 2014-11-04 12:06:50 ~ IP : 127.0.0.1 ----------
REQUEST URI : /zeemall/index.php?route=common/home
MOD DETAILS:
   modFile   : M:\wamp\www\zeemall\vqmod/xml/zeedownloads_core.xml
   id        : ZeeDownloads Digital Multivendor Marketplace Core
   version   : 
   vqmver    : 
   author    : http://zeedownloads.com/

File Name    : catalog/view/theme/zee_responsive/template/common/header.tpl(0)
VQModObject::applyMod - SEARCH NOT FOUND (SKIPPED): <div class="links"><a href="<?php echo $home; ?>"><?php echo $text_home; ?></a><a href="<?php echo $wishlist; ?>" id="wishlist-total"><?php echo $text_wishlist; ?></a><a href="<?php echo $account; ?>"><?php echo $text_account; ?></a><a href="<?php echo $shopping_cart; ?>"><?php echo $text_shopping_cart; ?></a><a href="<?php echo $checkout; ?>"><?php echo $text_checkout; ?></a></div>

----------------------------------------------------------------------


---------- Date: 2014-11-04 14:09:28 ~ IP : 127.0.0.1 ----------
REQUEST URI : /zeemall/admin/index.php?route=extension/module&amp;token=63617ea65eb99e2c2e4d820ac5c83d9a
MOD DETAILS:
   modFile   : M:\wamp\www\zeemall\vqmod/xml/vqmm_zee_blogs_menu_shortcut.xml
   id        : VQMod Zeeo Blogs Shortcut
   version   : 1.0.0
   vqmver    : 2.3.0
   author    : zeescripts.com

File Name    : admin/view/template/common/header.tpl(0)
VQModObject::applyMod - SEARCH NOT FOUND (ABORTING MOD): <li id="help"><a class="top"><?php echo $text_help; ?></a>
MOD DETAILS:
   modFile   : M:\wamp\www\zeemall\vqmod/xml/vqmm_zee_themecontrol_shortcut.xml
   id        : VQMod Zeeo Theme Control Panel Shortcut
   version   : 1.0.0
   vqmver    : 2.3.0
   author    : zeescripts.com

File Name    : admin/view/template/common/header.tpl(0)
VQModObject::applyMod - SEARCH NOT FOUND (ABORTING MOD): <li id="help"><a class="top"><?php echo $text_help; ?></a>

----------------------------------------------------------------------


